\BOOKMARK [1][-]{section.1}{\376\377\126\376\213\272}{}% 1
\BOOKMARK [2][-]{subsection.1.1}{\376\377\150\021}{section.1}% 2
\BOOKMARK [3][-]{subsubsection.1.1.1}{\376\377\120\015\130\236\000L\000C\000A}{subsection.1.1}% 3
\BOOKMARK [3][-]{subsubsection.1.1.2}{\376\377\150\021\116\012\215\357\137\204\116\244}{subsection.1.1}% 4
\BOOKMARK [3][-]{subsubsection.1.1.3}{\376\377\150\021\224\376\122\126\122\006}{subsection.1.1}% 5
\BOOKMARK [3][-]{subsubsection.1.1.4}{\376\377\160\271\122\006\154\273}{subsection.1.1}% 6
\BOOKMARK [2][-]{subsection.1.2}{\376\377\217\336\220\032\140\047}{section.1}% 7
\BOOKMARK [3][-]{subsubsection.1.2.1}{\376\377\137\072\217\336\220\032\122\006\221\317}{subsection.1.2}% 8
\BOOKMARK [3][-]{subsubsection.1.2.2}{\376\377\123\314\217\336\220\032\122\006\221\317}{subsection.1.2}% 9
\BOOKMARK [1][-]{section.2}{\376\377\133\127\173\046\116\062}{}% 10
\BOOKMARK [1][-]{section.3}{\376\377\145\160\143\156\176\323\147\204}{}% 11
\BOOKMARK [1][-]{section.4}{\376\377\145\160\133\146}{}% 12
\BOOKMARK [2][-]{subsection.4.1}{\376\377\136\046\230\204\131\004\164\006\000B\000G\000S\000G}{section.4}% 13
\BOOKMARK [2][-]{subsection.4.2}{\376\377\123\101\217\333\122\066\167\351\226\065\137\353\220\037\136\102}{section.4}% 14
\BOOKMARK [2][-]{subsection.4.3}{\376\377\000e\000x\000l\000u\000c\000a\000s}{section.4}% 15
\BOOKMARK [2][-]{subsection.4.4}{\376\377\000B\000M}{section.4}% 16
\BOOKMARK [2][-]{subsection.4.5}{\376\377\147\134\145\131\173\133}{section.4}% 17
\BOOKMARK [2][-]{subsection.4.6}{\376\377\176\277\140\047\127\372}{section.4}% 18
\BOOKMARK [1][-]{section.5}{\376\377\147\102\230\171}{}% 19
\BOOKMARK [1][-]{section.6}{\376\377\213\241\173\227\121\340\117\125}{}% 20
